<?xml version="1.0" encoding="UTF-8"?>
<!-- Generated by org.testng.reporters.JUnitXMLReporter -->
<testsuite ignored="0" hostname="DESKTOP-7K7BD1Q" failures="2" tests="10" name="CRM Application Test Cases" time="139.989" errors="0" timestamp="2022-07-04T14:08:11 IST">
  <testcase classname="com.crm.qa.TestCase.HomePageforLoginTestCase" name="loginforTitle" time="0.017"/>
  <testcase classname="com.crm.qa.TestCase.HomePageforLoginTestCase" name="validateImage" time="0.094"/>
  <testcase classname="com.crm.qa.TestCase.HomePageforLoginTestCase" name="clickAccount" time="6.64"/>
  <testcase classname="com.crm.qa.TestCase.LoginTestCase" name="LoginPageTestCase1" time="0.025"/>
  <testcase classname="com.crm.qa.TestCase.LoginTestCase" name="LoginCase" time="9.972"/>
  <testcase classname="com.crm.qa.TestCase.HomePageTestCase" name="verifyUserNameTest" time="0.012"/>
  <testcase classname="com.crm.qa.TestCase.HomePageTestCase" name="createNewAddress" time="10.793"/>
  <testcase classname="com.crm.qa.TestCase.HomePageTestCase" name="verifyAddressbookPage" time="0.013"/>
  <testcase classname="com.crm.qa.TestCase.WishListTestCase" name="verifyTitle" time="0.006">
    <failure type="java.lang.NullPointerException" message="Cannot invoke &amp;quot;com.crm.qa.pages.WishList.validateTitle()&amp;quot; because &amp;quot;this.wishlist&amp;quot; is null">
      <![CDATA[java.lang.NullPointerException: Cannot invoke "com.crm.qa.pages.WishList.validateTitle()" because "this.wishlist" is null
at com.crm.qa.TestCase.WishListTestCase.verifyTitle(WishListTestCase.java:43)
at java.base/java.util.ArrayList.forEach(ArrayList.java:1511)
... Removed 27 stack frames]]>
    </failure>
  </testcase> <!-- verifyTitle -->
  <testcase classname="com.crm.qa.TestCase.WishListTestCase" name="clickWishList" time="10.04">
    <failure type="org.openqa.selenium.NoSuchElementException" message="no such element: Unable to locate element: {&amp;quot;method&amp;quot;:&amp;quot;xpath&amp;quot;,&amp;quot;selector&amp;quot;:&amp;quot;//p[contains(text(),&amp;apos;Your wish list is empty.&amp;apos;)]&amp;quot;}
  (Session info: chrome=103.0.5060.66)
For documentation on this error, please visit: http://seleniumhq.org/exceptions/no_such_element.html
Build info: version: &amp;apos;3.5.3&amp;apos;, revision: &amp;apos;a88d25fe6b&amp;apos;, time: &amp;apos;2017-08-29T12:42:44.417Z&amp;apos;
System info: host: &amp;apos;DESKTOP-7K7BD1Q&amp;apos;, ip: &amp;apos;192.168.1.101&amp;apos;, os.name: &amp;apos;Windows 10&amp;apos;, os.arch: &amp;apos;amd64&amp;apos;, os.version: &amp;apos;10.0&amp;apos;, java.version: &amp;apos;15.0.1&amp;apos;
Driver info: org.openqa.selenium.chrome.ChromeDriver
Capabilities [{networkConnectionEnabled=false, chrome={chromedriverVersion=103.0.5060.53 (a1711811edd74ff1cf2150f36ffa3b0dae40b17f-refs/branch-heads/5060@{#853}), userDataDir=C:\Users\DELL\AppData\Local\Temp\scoped_dir22284_291457466}, timeouts={implicit=0, pageLoad=300000, script=30000}, pageLoadStrategy=normal, unhandledPromptBehavior=dismiss and notify, strictFileInteractability=false, platform=XP, proxy=Proxy(), goog:chromeOptions={debuggerAddress=localhost:65499}, webauthn:extension:credBlob=true, acceptInsecureCerts=false, browserVersion=103.0.5060.66, browserName=chrome, javascriptEnabled=true, platformName=XP, setWindowRect=true, webauthn:extension:largeBlob=true, webauthn:virtualAuthenticators=true}]
Session ID: d0a295f0597938ac9ce796630d51aa50
*** Element info: {Using=xpath, value=//p[contains(text(),&amp;apos;Your wish list is empty.&amp;apos;)]}">
      <![CDATA[org.openqa.selenium.NoSuchElementException: no such element: Unable to locate element: {"method":"xpath","selector":"//p[contains(text(),'Your wish list is empty.')]"}
  (Session info: chrome=103.0.5060.66)
For documentation on this error, please visit: http://seleniumhq.org/exceptions/no_such_element.html
Build info: version: '3.5.3', revision: 'a88d25fe6b', time: '2017-08-29T12:42:44.417Z'
System info: host: 'DESKTOP-7K7BD1Q', ip: '192.168.1.101', os.name: 'Windows 10', os.arch: 'amd64', os.version: '10.0', java.version: '15.0.1'
Driver info: org.openqa.selenium.chrome.ChromeDriver
Capabilities [{networkConnectionEnabled=false, chrome={chromedriverVersion=103.0.5060.53 (a1711811edd74ff1cf2150f36ffa3b0dae40b17f-refs/branch-heads/5060@{#853}), userDataDir=C:\Users\DELL\AppData\Local\Temp\scoped_dir22284_291457466}, timeouts={implicit=0, pageLoad=300000, script=30000}, pageLoadStrategy=normal, unhandledPromptBehavior=dismiss and notify, strictFileInteractability=false, platform=XP, proxy=Proxy(), goog:chromeOptions={debuggerAddress=localhost:65499}, webauthn:extension:credBlob=true, acceptInsecureCerts=false, browserVersion=103.0.5060.66, browserName=chrome, javascriptEnabled=true, platformName=XP, setWindowRect=true, webauthn:extension:largeBlob=true, webauthn:virtualAuthenticators=true}]
Session ID: d0a295f0597938ac9ce796630d51aa50
*** Element info: {Using=xpath, value=//p[contains(text(),'Your wish list is empty.')]}
at org.openqa.selenium.remote.http.W3CHttpResponseCodec.createException(W3CHttpResponseCodec.java:185)
at org.openqa.selenium.remote.http.W3CHttpResponseCodec.decode(W3CHttpResponseCodec.java:120)
at org.openqa.selenium.remote.http.W3CHttpResponseCodec.decode(W3CHttpResponseCodec.java:49)
at org.openqa.selenium.remote.HttpCommandExecutor.execute(HttpCommandExecutor.java:164)
at org.openqa.selenium.remote.service.DriverCommandExecutor.execute(DriverCommandExecutor.java:82)
at org.openqa.selenium.remote.RemoteWebDriver.execute(RemoteWebDriver.java:646)
at org.openqa.selenium.remote.RemoteWebDriver.findElement(RemoteWebDriver.java:416)
at org.openqa.selenium.remote.RemoteWebDriver.findElementByXPath(RemoteWebDriver.java:518)
at org.openqa.selenium.By$ByXPath.findElement(By.java:361)
at org.openqa.selenium.remote.RemoteWebDriver.findElement(RemoteWebDriver.java:408)
at org.openqa.selenium.support.pagefactory.DefaultElementLocator.findElement(DefaultElementLocator.java:69)
at org.openqa.selenium.support.pagefactory.internal.LocatingElementHandler.invoke(LocatingElementHandler.java:38)
at com.sun.proxy.$Proxy12.isDisplayed(Unknown Source)
at com.crm.qa.pages.WishList.createWishList(WishList.java:33)
at com.crm.qa.TestCase.WishListTestCase.clickWishList(WishListTestCase.java:51)
at java.base/java.util.ArrayList.forEach(ArrayList.java:1511)
... Removed 32 stack frames]]>
    </failure>
  </testcase> <!-- clickWishList -->
</testsuite> <!-- CRM Application Test Cases -->
